mcc -o 'PIVadvance4' -W 'WinMain:PIVadvance4' -d 'W:\matlab_projects\pivadvance\PIVadvance4\PIVadvance4\src' -T 'link:exe' -v 'W:\matlab_projects\pivadvance\PIVadvance4\PIVadvance4.m'  
Compiler version: 4.10 (R2009a)  
Processing W:\matlab_projects\pivadvance\PIVadvance4\PIVadvance4.fig 
Processing C:\Program Files\MATLAB\R2009a\toolbox\signal\mcc.enc 
Processing C:\Program Files\MATLAB\R2009a\toolbox\images\mcc.enc 
Processing C:\Program Files\MATLAB\R2009a\toolbox\stats\mcc.enc 
Processing C:\Program Files\MATLAB\R2009a\toolbox\shared\imageslib\mcc.enc 
Processing W:\matlab_projects\pivadvance\PIVadvance4\PIVhelp.fig 
Processing C:\Program Files\MATLAB\R2009a\toolbox\matlab\guide\guideopts.fig 
Processing C:\Program Files\MATLAB\R2009a\toolbox\matlab\winfun\actxcontrolselect.fig 
Processing C:\Program Files\MATLAB\R2009a\toolbox\matlab\winfun\actxcontrolcreateproperty.fig 
Processing include files... 
2 item(s) added. 
Processing directories installed with MCR... 
The file W:\matlab_projects\pivadvance\PIVadvance4\PIVadvance4\src\mccExcludedFiles.log contains a list of functions excluded from the CTF archive. 
3 item(s) added. 
Generating MATLAB path for the compiled application... 
Created 48 path items. 
Begin validation of MEX files: Tue May 25 10:35:39 2010  
Validating 'C:\Program Files\MATLAB\R2009a\toolbox\images\bin\win32\libippmw.dll'.  
No conflicting M-file found.  
Validating 'C:\Program Files\MATLAB\R2009a\toolbox\images\images\private\imfilter_mex.mexw32'.  
No conflicting M-file found.  
Validating 'C:\Program Files\MATLAB\R2009a\toolbox\images\images\private\imlincombc.mexw32'.  
No conflicting M-file found.  
Validating 'C:\Program Files\MATLAB\R2009a\toolbox\images\images\private\imregionalmaxmex.mexw32'.  
No conflicting M-file found.  
Validating 'C:\Program Files\MATLAB\R2009a\toolbox\images\iptutils\iptcheckinput.mexw32'.  
Found M-file 'C:\Program Files\MATLAB\R2009a\toolbox\images\iptutils\iptcheckinput.m'.  
MEX file  
    'C:\Program Files\MATLAB\R2009a\toolbox\images\iptutils\iptcheckinput.mexw32'  
 is valid. It contains 'mexFunction.'  
Validating 'C:\Program Files\MATLAB\R2009a\toolbox\stats\@sobolset\private\DNToMatrix.mexw32'.  
No conflicting M-file found.  
Validating 'C:\Program Files\MATLAB\R2009a\toolbox\stats\@sobolset\private\MatrixToDN.mexw32'.  
No conflicting M-file found.  
Validating 'C:\Program Files\MATLAB\R2009a\toolbox\stats\@sobolset\private\computeDN.mexw32'.  
No conflicting M-file found.  
Validating 'C:\Program Files\MATLAB\R2009a\toolbox\stats\@sobolset\private\convertToDouble.mexw32'.  
No conflicting M-file found.  
Validating 'C:\Program Files\MATLAB\R2009a\toolbox\stats\@sobolset\private\matrixBitXor.mexw32'.  
No conflicting M-file found.  
Validating 'C:\Program Files\MATLAB\R2009a\toolbox\stats\@sobolset\private\sobolIndexed.mexw32'.  
No conflicting M-file found.  
Validating 'C:\Program Files\MATLAB\R2009a\toolbox\stats\@sobolset\private\sobolNet.mexw32'.  
No conflicting M-file found.  
Validating 'C:\Program Files\MATLAB\R2009a\toolbox\stats\@sobolset\private\sobolPoint.mexw32'.  
No conflicting M-file found.  
Validating 'C:\Program Files\MATLAB\R2009a\toolbox\stats\@sobolset\private\sobolSequence.mexw32'.  
No conflicting M-file found.  
End validation of MEX files: Tue May 25 10:35:39 2010  
Parsing file "W:\matlab_projects\pivadvance\PIVadvance4\PIVadvance4.m" 
	(Referenced from: "Compiler Command Line").  
Parsing file "C:\Program Files\MATLAB\R2009a\toolbox\compiler\deploy\deployprint.m" 
	(Referenced from: "Compiler Command Line").  
Parsing file "C:\Program Files\MATLAB\R2009a\toolbox\compiler\deploy\printdlg.m" 
	(Referenced from: "Compiler Command Line").  
Deleting 14 temporary MEX authorization files.  
Removing: 'C:\Users\bdrew\AppData\Local\Temp\mathworks_tmp_5096_16259_5096.auth'.  
Removing: 'C:\Users\bdrew\AppData\Local\Temp\mathworks_tmp_5096_22841_5096.auth'.  
Removing: 'C:\Users\bdrew\AppData\Local\Temp\mathworks_tmp_5096_7383_5096.auth'.  
Removing: 'C:\Users\bdrew\AppData\Local\Temp\mathworks_tmp_5096_18158_5096.auth'.  
Removing: 'C:\Users\bdrew\AppData\Local\Temp\mathworks_tmp_5096_13384_5096.auth'.  
Removing: 'C:\Users\bdrew\AppData\Local\Temp\mathworks_tmp_5096_7224_5096.auth'.  
Removing: 'C:\Users\bdrew\AppData\Local\Temp\mathworks_tmp_5096_15374_5096.auth'.  
Removing: 'C:\Users\bdrew\AppData\Local\Temp\mathworks_tmp_5096_2570_5096.auth'.  
Removing: 'C:\Users\bdrew\AppData\Local\Temp\mathworks_tmp_5096_19782_5096.auth'.  
Removing: 'C:\Users\bdrew\AppData\Local\Temp\mathworks_tmp_5096_29410_5096.auth'.  
Removing: 'C:\Users\bdrew\AppData\Local\Temp\mathworks_tmp_5096_29182_5096.auth'.  
Removing: 'C:\Users\bdrew\AppData\Local\Temp\mathworks_tmp_5096_28931_5096.auth'.  
Removing: 'C:\Users\bdrew\AppData\Local\Temp\mathworks_tmp_5096_20964_5096.auth'.  
Removing: 'C:\Users\bdrew\AppData\Local\Temp\mathworks_tmp_5096_5154_5096.auth'.  
Generating file "W:\matlab_projects\pivadvance\PIVadvance4\PIVadvance4\src\PIVadvance4_main.c".  
Generating file "W:\matlab_projects\pivadvance\PIVadvance4\PIVadvance4\src\PIVadvance4_delay_load.c".  
Generating file "W:\matlab_projects\pivadvance\PIVadvance4\PIVadvance4\src\readme.txt".  
Generating file "W:\matlab_projects\pivadvance\PIVadvance4\PIVadvance4\src\PIVadvance4_mcc_component_data.c".  
Contents of temporary response file 'C:\Users\bdrew\AppData\Local\Temp\mathworks_tmp_5096_6648':  
 ......................  
' -O -v -output "PIVadvance4" -I"W:\matlab_projects\pivadvance\PIVadvance4\PIVadvance4\src" "W:\matlab_projects\pivadvance\PIVadvance4\PIVadvance4\src\PIVadvance4_main.c" "W:\matlab_projects\pivadvance\PIVadvance4\PIVadvance4\src\PIVadvance4_delay_load.c" "W:\matlab_projects\pivadvance\PIVadvance4\PIVadvance4\src\PIVadvance4_mcc_component_data.c" -link exe  -env MCR_DELAYLOAD=/delayload:mclmcrrt710.dll -env MCR_DELAYLIB=delayimp.lib -outdir "W:\matlab_projects\pivadvance\PIVadvance4\PIVadvance4\src"'  
......................  
Executing command: mbuild  "@C:\Users\bdrew\AppData\Local\Temp\mathworks_tmp_5096_6648"  
 This is mbuild Copyright 1984-2006 The MathWorks, Inc. 
 
-> Default options filename found in C:\Users\bdrew\AppData\Roaming\MathWorks\MATLAB\R2009a 
---------------------------------------------------------------- 
->    Options file           = C:\Users\bdrew\AppData\Roaming\MathWorks\MATLAB\R2009a\compopts.bat 
->    COMPILER               = lcc 
->    Compiler flags: 
         COMPFLAGS           = -c -Zp8 -I"C:\PROGRA~1\MATLAB\R2009a\sys\lcc\include" -noregistrylookup 
         OPTIMFLAGS          = -DNDEBUG 
         DEBUGFLAGS          = -g4 
         arguments           =  -IW:\MATLAB~1\PIVADV~1\PIVADV~3\PIVADV~1\SRC 
         Name switch         = -Fo 
->    Pre-linking commands   =  
->    LINKER                 = lcclnk 
->    Link directives: 
         LINKFLAGS           = -tmpdir "W:\MATLAB~1\PIVADV~1\PIVADV~3\PIVADV~1\SRC\." -L"C:\PROGRA~1\MATLAB\R2009a\sys\lcc\lib" -libpath "C:\PROGRA~1\MATLAB\R2009a\extern\lib\win32\lcc" 
         LINKFLAGSPOST       = mclmcrrt.lib 
         Name directive      = -o "W:\MATLAB~1\PIVADV~1\PIVADV~3\PIVADV~1\SRC\PIVadvance4.exe" 
         File link directive =  
         Lib. link directive =  
         Rsp file indicator  = @ 
->    Resource Compiler      =  
->    Resource Linker        =  
---------------------------------------------------------------- 
 
 
--> lcc  -IW:\MATLAB~1\PIVADV~1\PIVADV~3\PIVADV~1\SRC -c -Zp8 -I"C:\PROGRA~1\MATLAB\R2009a\sys\lcc\include" -noregistrylookup -FoC:\USERS\BDREW\APPDATA\LOCAL\TEMP\MBUILD~1\PIVadvance4_main.obj -IC:\PROGRA~1\MATLAB\R2009a\extern\include -IC:\PROGRA~1\MATLAB\R2009a\simulink\include -DNDEBUG W:\matlab_projects\pivadvance\PIVadvance4\PIVadvance4\src\PIVadvance4_main.c 
 
 
--> lcc  -IW:\MATLAB~1\PIVADV~1\PIVADV~3\PIVADV~1\SRC -c -Zp8 -I"C:\PROGRA~1\MATLAB\R2009a\sys\lcc\include" -noregistrylookup -FoC:\USERS\BDREW\APPDATA\LOCAL\TEMP\MBUILD~1\PIVadvance4_delay_load.obj -IC:\PROGRA~1\MATLAB\R2009a\extern\include -IC:\PROGRA~1\MATLAB\R2009a\simulink\include -DNDEBUG W:\matlab_projects\pivadvance\PIVadvance4\PIVadvance4\src\PIVadvance4_delay_load.c 
 
Warning W:\matlab_projects\pivadvance\PIVadvance4\PIVadvance4\src\PIVadvance4_delay_load.c: 21  static `void function(void) FailedToLoadMCR' is not referenced 
0 errors, 1 warnings 
 
--> lcc  -IW:\MATLAB~1\PIVADV~1\PIVADV~3\PIVADV~1\SRC -c -Zp8 -I"C:\PROGRA~1\MATLAB\R2009a\sys\lcc\include" -noregistrylookup -FoC:\USERS\BDREW\APPDATA\LOCAL\TEMP\MBUILD~1\PIVadvance4_mcc_component_data.obj -IC:\PROGRA~1\MATLAB\R2009a\extern\include -IC:\PROGRA~1\MATLAB\R2009a\simulink\include -DNDEBUG W:\matlab_projects\pivadvance\PIVadvance4\PIVadvance4\src\PIVadvance4_mcc_component_data.c 
 
    Contents of C:\USERS\BDREW\APPDATA\LOCAL\TEMP\MBUILD~1\mbuild_tmp.rsp: 
  C:\USERS\BDREW\APPDATA\LOCAL\TEMP\MBUILD~1\PIVadvance4_main.obj  C:\USERS\BDREW\APPDATA\LOCAL\TEMP\MBUILD~1\PIVadvance4_delay_load.obj  C:\USERS\BDREW\APPDATA\LOCAL\TEMP\MBUILD~1\PIVadvance4_mcc_component_data.obj 
 
 
--> lcclnk -o "W:\MATLAB~1\PIVADV~1\PIVADV~3\PIVADV~1\SRC\PIVadvance4.exe" -tmpdir "W:\MATLAB~1\PIVADV~1\PIVADV~3\PIVADV~1\SRC\." -L"C:\PROGRA~1\MATLAB\R2009a\sys\lcc\lib" -libpath "C:\PROGRA~1\MATLAB\R2009a\extern\lib\win32\lcc"  @C:\USERS\BDREW\APPDATA\LOCAL\TEMP\MBUILD~1\MBUILD~1.RSP  mclmcrrt.lib 
 
 
--> "if exist C:\USERS\BDREW\APPDATA\LOCAL\TEMP\MBUILD~1\templib.def del C:\USERS\BDREW\APPDATA\LOCAL\TEMP\MBUILD~1\templib.def" 
 
 
--> "if exist C:\USERS\BDREW\APPDATA\LOCAL\TEMP\MBUILD~1\templib_stub.obj del C:\USERS\BDREW\APPDATA\LOCAL\TEMP\MBUILD~1\templib_stub.obj" 
 
